\BOOKMARK [1][-]{section.1}{Status}{}% 1
\BOOKMARK [1][-]{section.2}{Taakverdeling}{}% 2
\BOOKMARK [2][-]{subsection.2.1}{Stijn}{section.2}% 3
\BOOKMARK [2][-]{subsection.2.2}{Kristof}{section.2}% 4
\BOOKMARK [2][-]{subsection.2.3}{Tom}{section.2}% 5
\BOOKMARK [2][-]{subsection.2.4}{Jakob}{section.2}% 6
\BOOKMARK [2][-]{subsection.2.5}{Ruben}{section.2}% 7
\BOOKMARK [1][-]{section.3}{Design}{}% 8
\BOOKMARK [2][-]{subsection.3.1}{Voorspellingsalgoritme}{section.3}% 9
\BOOKMARK [2][-]{subsection.3.2}{Optimalisatie}{section.3}% 10
\BOOKMARK [1][-]{section.4}{Database}{}% 11
\BOOKMARK [2][-]{subsection.4.1}{ER-diagramma}{section.4}% 12
\BOOKMARK [2][-]{subsection.4.2}{Relational model}{section.4}% 13
\BOOKMARK [2][-]{subsection.4.3}{Constraints}{section.4}% 14
\BOOKMARK [1][-]{section.5}{User interface}{}% 15
\BOOKMARK [2][-]{subsection.5.1}{Betsysteem}{section.5}% 16
\BOOKMARK [2][-]{subsection.5.2}{Filter- \046 sorteersysteem}{section.5}% 17
\BOOKMARK [2][-]{subsection.5.3}{Notificaties}{section.5}% 18
\BOOKMARK [3][-]{subsubsection.5.3.1}{Implementatie}{subsection.5.3}% 19
\BOOKMARK [2][-]{subsection.5.4}{Soorten notificaties}{section.5}% 20
\BOOKMARK [3][-]{subsubsection.5.4.1}{Usergroup invites}{subsection.5.4}% 21
\BOOKMARK [3][-]{subsubsection.5.4.2}{Remind user bets}{subsection.5.4}% 22
\BOOKMARK [3][-]{subsubsection.5.4.3}{Nieuwe discussie in usergroup}{subsection.5.4}% 23
\BOOKMARK [3][-]{subsubsection.5.4.4}{Nieuwe reply in discussie}{subsection.5.4}% 24
\BOOKMARK [2][-]{subsection.5.5}{Email reminders}{section.5}% 25
\BOOKMARK [2][-]{subsection.5.6}{User profiles}{section.5}% 26
\BOOKMARK [2][-]{subsection.5.7}{Usergroups}{section.5}% 27
\BOOKMARK [2][-]{subsection.5.8}{Grafische weergave van statistieken}{section.5}% 28
\BOOKMARK [1][-]{section.6}{Webpagina's}{}% 29
\BOOKMARK [2][-]{subsection.6.1}{Home page}{section.6}% 30
\BOOKMARK [2][-]{subsection.6.2}{Search bar / search results}{section.6}% 31
\BOOKMARK [2][-]{subsection.6.3}{Player Page}{section.6}% 32
\BOOKMARK [2][-]{subsection.6.4}{Team Page}{section.6}% 33
\BOOKMARK [3][-]{subsubsection.6.4.1}{Information}{subsection.6.4}% 34
\BOOKMARK [3][-]{subsubsection.6.4.2}{Players}{subsection.6.4}% 35
\BOOKMARK [3][-]{subsubsection.6.4.3}{Matches}{subsection.6.4}% 36
\BOOKMARK [3][-]{subsubsection.6.4.4}{News}{subsection.6.4}% 37
\BOOKMARK [3][-]{subsubsection.6.4.5}{Twitter}{subsection.6.4}% 38
\BOOKMARK [3][-]{subsubsection.6.4.6}{Graphs}{subsection.6.4}% 39
\BOOKMARK [2][-]{subsection.6.5}{Match page}{section.6}% 40
\BOOKMARK [2][-]{subsection.6.6}{Competition page}{section.6}% 41
\BOOKMARK [1][-]{section.7}{Extra functionaliteit}{}% 42
\BOOKMARK [1][-]{section.8}{Verloop van de planning}{}% 43
\BOOKMARK [1][-]{section.9}{Appendix}{}% 44
\BOOKMARK [2][-]{subsection.9.1}{Verplichte functionaliteit}{section.9}% 45
\BOOKMARK [2][-]{subsection.9.2}{SQL Queries}{section.9}% 46
